#
# There is insufficient memory for the Java Runtime Environment to continue.
# Native memory allocation (malloc) failed to allocate 196608 bytes for committing reserved memory.
# Possible reasons:
#   The system is out of physical RAM or swap space
#   In 32 bit mode, the process size limit was hit
# Possible solutions:
#   Reduce memory load on the system
#   Increase physical memory or swap space
#   Check if swap backing store is full
#   Use 64 bit Java on a 64 bit OS
#   Decrease Java heap size (-Xmx/-Xms)
#   Decrease number of Java threads
#   Decrease Java thread stack sizes (-Xss)
#   Set larger code cache with -XX:ReservedCodeCacheSize=
# This output file may be truncated or incomplete.
#
#  Out of Memory Error (os_linux.cpp:2827), pid=14219, tid=140699529590528
#
# JRE version: OpenJDK Runtime Environment (7.0_101) (build 1.7.0_101-b00)
# Java VM: OpenJDK 64-Bit Server VM (24.95-b01 mixed mode linux-amd64 compressed oops)
# Derivative: IcedTea 2.6.6
# Distribution: Ubuntu 14.04 LTS, package 7u101-2.6.6-0ubuntu0.14.04.1
# Failed to write core dump. Core dumps have been disabled. To enable core dumping, try "ulimit -c unlimited" before starting Java again
#

---------------  T H R E A D  ---------------

Current thread (0x00007ff72406c000):  VMThread [stack: 0x00007ff7296b3000,0x00007ff7297b4000] [id=14222]

Stack: [0x00007ff7296b3000,0x00007ff7297b4000],  sp=0x00007ff7297b20f0,  free space=1020k
Native frames: (J=compiled Java code, j=interpreted, Vv=VM code, C=native code)
V  [libjvm.so+0x955705]
V  [libjvm.so+0x490c44]
V  [libjvm.so+0x7d0c9b]
V  [libjvm.so+0x7cb75f]
V  [libjvm.so+0x9525f4]
V  [libjvm.so+0x56830e]
V  [libjvm.so+0x568680]
V  [libjvm.so+0x568748]
V  [libjvm.so+0x55b497]
V  [libjvm.so+0x497794]
V  [libjvm.so+0x5a655b]
V  [libjvm.so+0x88b568]
V  [libjvm.so+0x5684a0]
V  [libjvm.so+0x55a97a]
V  [libjvm.so+0x4966b0]
V  [libjvm.so+0x559c25]
V  [libjvm.so+0x429cf2]
V  [libjvm.so+0x9565f1]
V  [libjvm.so+0x95b207]
V  [libjvm.so+0x959cc8]
V  [libjvm.so+0x95a129]
V  [libjvm.so+0x95a572]
V  [libjvm.so+0x7cdb62]

VM_Operation (0x00007ff72d1caa70): GenCollectForAllocation, mode: safepoint, requested by thread 0x00007ff72400a000


---------------  P R O C E S S  ---------------

Java Threads: ( => current thread )
  0x00007ff72438e000 JavaThread "process reaper" daemon [_thread_blocked, id=14231, stack(0x00007ff7281a6000,0x00007ff7281df000)]
  0x00007ff7240a6800 JavaThread "Service Thread" daemon [_thread_blocked, id=14228, stack(0x00007ff728da8000,0x00007ff728ea9000)]
  0x00007ff7240a4000 JavaThread "C2 CompilerThread1" daemon [_thread_blocked, id=14227, stack(0x00007ff728ea9000,0x00007ff728faa000)]
  0x00007ff7240a1800 JavaThread "C2 CompilerThread0" daemon [_thread_blocked, id=14226, stack(0x00007ff728faa000,0x00007ff7290ab000)]
  0x00007ff72409f800 JavaThread "Signal Dispatcher" daemon [_thread_blocked, id=14225, stack(0x00007ff7290ab000,0x00007ff7291ac000)]
  0x00007ff724072000 JavaThread "Finalizer" daemon [_thread_blocked, id=14224, stack(0x00007ff7294b1000,0x00007ff7295b2000)]
  0x00007ff724070000 JavaThread "Reference Handler" daemon [_thread_blocked, id=14223, stack(0x00007ff7295b2000,0x00007ff7296b3000)]
  0x00007ff72400a000 JavaThread "main" [_thread_blocked, id=14221, stack(0x00007ff72d0cd000,0x00007ff72d1ce000)]

Other Threads:
=>0x00007ff72406c000 VMThread [stack: 0x00007ff7296b3000,0x00007ff7297b4000] [id=14222]
  0x00007ff7240b1800 WatcherThread [stack: 0x00007ff728ca7000,0x00007ff728da8000] [id=14229]

VM state:at safepoint (normal execution)

VM Mutex/Monitor currently owned by a thread:  ([mutex/lock_event])
[0x00007ff724006510] Threads_lock - owner thread: 0x00007ff72406c000
[0x00007ff724006a10] Heap_lock - owner thread: 0x00007ff72400a000

Heap
 def new generation   total 34432K, used 34432K [0x00000000d6800000, 0x00000000d8d50000, 0x00000000e0e00000)
  eden space 30656K, 100% used [0x00000000d6800000, 0x00000000d85f0000, 0x00000000d85f0000)
  from space 3776K, 100% used [0x00000000d89a0000, 0x00000000d8d50000, 0x00000000d8d50000)
  to   space 3776K,  72% used [0x00000000d85f0000, 0x00000000d8897fd0, 0x00000000d89a0000)
 tenured generation   total 76288K, used 76287K [0x00000000e0e00000, 0x00000000e5880000, 0x00000000f5a00000)
   the space 76288K,  99% used [0x00000000e0e00000, 0x00000000e587ffe0, 0x00000000e5880000, 0x00000000e5880000)
 compacting perm gen  total 21248K, used 13260K [0x00000000f5a00000, 0x00000000f6ec0000, 0x0000000100000000)
   the space 21248K,  62% used [0x00000000f5a00000, 0x00000000f66f3138, 0x00000000f66f3200, 0x00000000f6ec0000)
No shared spaces configured.

Card table byte_map: [0x00007ff729ba3000,0x00007ff729cf0000] byte_map_base: 0x00007ff7294ef000

Polling page: 0x00007ff72d1da000

Code Cache  [0x00007ff721000000, 0x00007ff721520000, 0x00007ff724000000)
 total_blobs=1550 nmethods=1269 adapters=233 free_code_cache=44083Kb largest_free_block=44961344

Compilation events (10 events):
Event: 42.422 Thread 0x00007ff7240a1800 nmethod 1504 0x00007ff721293e90 code [0x00007ff721294000, 0x00007ff721294228]
Event: 42.426 Thread 0x00007ff7240a1800 1506             com.sun.tools.javac.comp.Lower::needsProtectedAccess (143 bytes)
Event: 42.697 Thread 0x00007ff7240a1800 nmethod 1506 0x00007ff7213ff710 code [0x00007ff7213ff900, 0x00007ff7213ffd88]
Event: 42.699 Thread 0x00007ff7240a1800 1507             com.sun.tools.javac.comp.Lower::access (648 bytes)
Event: 43.315 Thread 0x00007ff7240a4000 nmethod 1505 0x00007ff7213d26d0 code [0x00007ff7213d2940, 0x00007ff7213d37a0]
Event: 43.321 Thread 0x00007ff7240a4000 1508             com.sun.tools.javac.comp.Lower$1::visitMethodDef (28 bytes)
Event: 43.860 Thread 0x00007ff7240a4000 nmethod 1508 0x00007ff721388ed0 code [0x00007ff7213890a0, 0x00007ff721389568]
Event: 43.866 Thread 0x00007ff7240a4000 1509             com.sun.tools.javac.jvm.Items$Item::mkCond (16 bytes)
Event: 43.956 Thread 0x00007ff7240a4000 nmethod 1509 0x00007ff721101690 code [0x00007ff7211017e0, 0x00007ff7211018d8]
Event: 43.962 Thread 0x00007ff7240a4000 1510             com.sun.tools.javac.comp.Lower::visitBinary (193 bytes)

GC Heap History (10 events):
Event: 29.735 GC heap after
Heap after GC invocations=40 (full 5):
 def new generation   total 34432K, used 2825K [0x00000000d6800000, 0x00000000d8d50000, 0x00000000e0e00000)
  eden space 30656K,   0% used [0x00000000d6800000, 0x00000000d6800000, 0x00000000d85f0000)
  from space 3776K,  74% used [0x00000000d89a0000, 0x00000000d8c62760, 0x00000000d8d50000)
  to   space 3776K,   0% used [0x00000000d85f0000, 0x00000000d85f0000, 0x00000000d89a0000)
 tenured generation   total 76288K, used 54911K [0x00000000e0e00000, 0x00000000e5880000, 0x00000000f5a00000)
   the space 76288K,  71% used [0x00000000e0e00000, 0x00000000e439ffe0, 0x00000000e43a0000, 0x00000000e5880000)
 compacting perm gen  total 21248K, used 13186K [0x00000000f5a00000, 0x00000000f6ec0000, 0x0000000100000000)
   the space 21248K,  62% used [0x00000000f5a00000, 0x00000000f66e09b0, 0x00000000f66e0a00, 0x00000000f6ec0000)
No shared spaces configured.
}
Event: 30.758 GC heap before
{Heap before GC invocations=40 (full 5):
 def new generation   total 34432K, used 33481K [0x00000000d6800000, 0x00000000d8d50000, 0x00000000e0e00000)
  eden space 30656K, 100% used [0x00000000d6800000, 0x00000000d85f0000, 0x00000000d85f0000)
  from space 3776K,  74% used [0x00000000d89a0000, 0x00000000d8c62760, 0x00000000d8d50000)
  to   space 3776K,   0% used [0x00000000d85f0000, 0x00000000d85f0000, 0x00000000d89a0000)
 tenured generation   total 76288K, used 54911K [0x00000000e0e00000, 0x00000000e5880000, 0x00000000f5a00000)
   the space 76288K,  71% used [0x00000000e0e00000, 0x00000000e439ffe0, 0x00000000e43a0000, 0x00000000e5880000)
 compacting perm gen  total 21248K, used 13206K [0x00000000f5a00000, 0x00000000f6ec0000, 0x0000000100000000)
   the space 21248K,  62% used [0x00000000f5a00000, 0x00000000f66e58f0, 0x00000000f66e5a00, 0x00000000f6ec0000)
No shared spaces configured.
Event: 30.788 GC heap after
Heap after GC invocations=41 (full 5):
 def new generation   total 34432K, used 2766K [0x00000000d6800000, 0x00000000d8d50000, 0x00000000e0e00000)
  eden space 30656K,   0% used [0x00000000d6800000, 0x00000000d6800000, 0x00000000d85f0000)
  from space 3776K,  73% used [0x00000000d85f0000, 0x00000000d88a3a60, 0x00000000d89a0000)
  to   space 3776K,   0% used [0x00000000d89a0000, 0x00000000d89a0000, 0x00000000d8d50000)
 tenured generation   total 76288K, used 56208K [0x00000000e0e00000, 0x00000000e5880000, 0x00000000f5a00000)
   the space 76288K,  73% used [0x00000000e0e00000, 0x00000000e44e40b8, 0x00000000e44e4200, 0x00000000e5880000)
 compacting perm gen  total 21248K, used 13206K [0x00000000f5a00000, 0x00000000f6ec0000, 0x0000000100000000)
   the space 21248K,  62% used [0x00000000f5a00000, 0x00000000f66e58f0, 0x00000000f66e5a00, 0x00000000f6ec0000)
No shared spaces configured.
}
Event: 31.545 GC heap before
{Heap before GC invocations=41 (full 5):
 def new generation   total 34432K, used 33422K [0x00000000d6800000, 0x00000000d8d50000, 0x00000000e0e00000)
  eden space 30656K, 100% used [0x00000000d6800000, 0x00000000d85f0000, 0x00000000d85f0000)
  from space 3776K,  73% used [0x00000000d85f0000, 0x00000000d88a3a60, 0x00000000d89a0000)
  to   space 3776K,   0% used [0x00000000d89a0000, 0x00000000d89a0000, 0x00000000d8d50000)
 tenured generation   total 76288K, used 56208K [0x00000000e0e00000, 0x00000000e5880000, 0x00000000f5a00000)
   the space 76288K,  73% used [0x00000000e0e00000, 0x00000000e44e40b8, 0x00000000e44e4200, 0x00000000e5880000)
 compacting perm gen  total 21248K, used 13242K [0x00000000f5a00000, 0x00000000f6ec0000, 0x0000000100000000)
   the space 21248K,  62% used [0x00000000f5a00000, 0x00000000f66ee820, 0x00000000f66eea00, 0x00000000f6ec0000)
No shared spaces configured.
Event: 31.673 GC heap after
Heap after GC invocations=42 (full 5):
 def new generation   total 34432K, used 3776K [0x00000000d6800000, 0x00000000d8d50000, 0x00000000e0e00000)
  eden space 30656K,   0% used [0x00000000d6800000, 0x00000000d6800000, 0x00000000d85f0000)
  from space 3776K, 100% used [0x00000000d89a0000, 0x00000000d8d50000, 0x00000000d8d50000)
  to   space 3776K,   0% used [0x00000000d85f0000, 0x00000000d85f0000, 0x00000000d89a0000)
 tenured generation   total 76288K, used 65243K [0x00000000e0e00000, 0x00000000e5880000, 0x00000000f5a00000)
   the space 76288K,  85% used [0x00000000e0e00000, 0x00000000e4db6d68, 0x00000000e4db6e00, 0x00000000e5880000)
 compacting perm gen  total 21248K, used 13242K [0x00000000f5a00000, 0x00000000f6ec0000, 0x0000000100000000)
   the space 21248K,  62% used [0x00000000f5a00000, 0x00000000f66ee820, 0x00000000f66eea00, 0x00000000f6ec0000)
No shared spaces configured.
}
Event: 32.626 GC heap before
{Heap before GC invocations=42 (full 5):
 def new generation   total 34432K, used 34432K [0x00000000d6800000, 0x00000000d8d50000, 0x00000000e0e00000)
  eden space 30656K, 100% used [0x00000000d6800000, 0x00000000d85f0000, 0x00000000d85f0000)
  from space 3776K, 100% used [0x00000000d89a0000, 0x00000000d8d50000, 0x00000000d8d50000)
  to   space 3776K,   0% used [0x00000000d85f0000, 0x00000000d85f0000, 0x00000000d89a0000)
 tenured generation   total 76288K, used 65243K [0x00000000e0e00000, 0x00000000e5880000, 0x00000000f5a00000)
   the space 76288K,  85% used [0x00000000e0e00000, 0x00000000e4db6d68, 0x00000000e4db6e00, 0x00000000e5880000)
 compacting perm gen  total 21248K, used 13245K [0x00000000f5a00000, 0x00000000f6ec0000, 0x0000000100000000)
   the space 21248K,  62% used [0x00000000f5a00000, 0x00000000f66ef470, 0x00000000f66ef600, 0x00000000f6ec0000)
No shared spaces configured.
Event: 32.689 GC heap after
Heap after GC invocations=43 (full 5):
 def new generation   total 34432K, used 3776K [0x00000000d6800000, 0x00000000d8d50000, 0x00000000e0e00000)
  eden space 30656K,   0% used [0x00000000d6800000, 0x00000000d6800000, 0x00000000d85f0000)
  from space 3776K, 100% used [0x00000000d85f0000, 0x00000000d89a0000, 0x00000000d89a0000)
  to   space 3776K,   0% used [0x00000000d89a0000, 0x00000000d89a0000, 0x00000000d8d50000)
 tenured generation   total 76288K, used 71543K [0x00000000e0e00000, 0x00000000e5880000, 0x00000000f5a00000)
   the space 76288K,  93% used [0x00000000e0e00000, 0x00000000e53dde40, 0x00000000e53de000, 0x00000000e5880000)
 compacting perm gen  total 21248K, used 13245K [0x00000000f5a00000, 0x00000000f6ec0000, 0x0000000100000000)
   the space 21248K,  62% used [0x00000000f5a00000, 0x00000000f66ef470, 0x00000000f66ef600, 0x00000000f6ec0000)
No shared spaces configured.
}
Event: 38.909 GC heap before
{Heap before GC invocations=43 (full 5):
 def new generation   total 34432K, used 34432K [0x00000000d6800000, 0x00000000d8d50000, 0x00000000e0e00000)
  eden space 30656K, 100% used [0x00000000d6800000, 0x00000000d85f0000, 0x00000000d85f0000)
  from space 3776K, 100% used [0x00000000d85f0000, 0x00000000d89a0000, 0x00000000d89a0000)
  to   space 3776K,   0% used [0x00000000d89a0000, 0x00000000d89a0000, 0x00000000d8d50000)
 tenured generation   total 76288K, used 71543K [0x00000000e0e00000, 0x00000000e5880000, 0x00000000f5a00000)
   the space 76288K,  93% used [0x00000000e0e00000, 0x00000000e53dde40, 0x00000000e53de000, 0x00000000e5880000)
 compacting perm gen  total 21248K, used 13255K [0x00000000f5a00000, 0x00000000f6ec0000, 0x0000000100000000)
   the space 21248K,  62% used [0x00000000f5a00000, 0x00000000f66f1f78, 0x00000000f66f2000, 0x00000000f6ec0000)
No shared spaces configured.
Event: 39.042 GC heap after
Heap after GC invocations=44 (full 5):
 def new generation   total 34432K, used 3776K [0x00000000d6800000, 0x00000000d8d50000, 0x00000000e0e00000)
  eden space 30656K,   0% used [0x00000000d6800000, 0x00000000d6800000, 0x00000000d85f0000)
  from space 3776K, 100% used [0x00000000d89a0000, 0x00000000d8d50000, 0x00000000d8d50000)
  to   space 3776K,   0% used [0x00000000d85f0000, 0x00000000d85f0000, 0x00000000d89a0000)
 tenured generation   total 76288K, used 74951K [0x00000000e0e00000, 0x00000000e5880000, 0x00000000f5a00000)
   the space 76288K,  98% used [0x00000000e0e00000, 0x00000000e5731c58, 0x00000000e5731e00, 0x00000000e5880000)
 compacting perm gen  total 21248K, used 13255K [0x00000000f5a00000, 0x00000000f6ec0000, 0x0000000100000000)
   the space 21248K,  62% used [0x00000000f5a00000, 0x00000000f66f1f78, 0x00000000f66f2000, 0x00000000f6ec0000)
No shared spaces configured.
}
Event: 44.044 GC heap before
{Heap before GC invocations=44 (full 5):
 def new generation   total 34432K, used 34432K [0x00000000d6800000, 0x00000000d8d50000, 0x00000000e0e00000)
  eden space 30656K, 100% used [0x00000000d6800000, 0x00000000d85f0000, 0x00000000d85f0000)
  from space 3776K, 100% used [0x00000000d89a0000, 0x00000000d8d50000, 0x00000000d8d50000)
  to   space 3776K,   0% used [0x00000000d85f0000, 0x00000000d85f0000, 0x00000000d89a0000)
 tenured generation   total 76288K, used 74951K [0x00000000e0e00000, 0x00000000e5880000, 0x00000000f5a00000)
   the space 76288K,  98% used [0x00000000e0e00000, 0x00000000e5731c58, 0x00000000e5731e00, 0x00000000e5880000)
 compacting perm gen  total 21248K, used 13260K [0x00000000f5a00000, 0x00000000f6ec0000, 0x0000000100000000)
   the space 21248K,  62% used [0x00000000f5a00000, 0x00000000f66f3138, 0x00000000f66f3200, 0x00000000f6ec0000)
No shared spaces configured.

Deoptimization events (10 events):
Event: 39.097 Thread 0x00007ff72400a000 Uncommon trap: reason=class_check action=maybe_recompile pc=0x00007ff7212364ac method=com.sun.tools.javac.code.Types$15.visitClassType(Lcom/sun/tools/javac/code/Type$ClassType;Lcom/sun/tools/javac/code/Symbol;)Lcom/sun/tools/javac/code/Type; @ 44
Event: 39.357 Thread 0x00007ff72400a000 Uncommon trap: reason=class_check action=maybe_recompile pc=0x00007ff72150baa0 method=com.sun.tools.javac.comp.Lower.needsProtectedAccess(Lcom/sun/tools/javac/code/Symbol;Lcom/sun/tools/javac/tree/JCTree;)Z @ 80
Event: 39.365 Thread 0x00007ff72400a000 Uncommon trap: reason=class_check action=maybe_recompile pc=0x00007ff72150baa0 method=com.sun.tools.javac.comp.Lower.needsProtectedAccess(Lcom/sun/tools/javac/code/Symbol;Lcom/sun/tools/javac/tree/JCTree;)Z @ 80
Event: 39.450 Thread 0x00007ff72400a000 Uncommon trap: reason=unstable_if action=reinterpret pc=0x00007ff7213b1c74 method=com.sun.tools.javac.comp.Lower.access(Lcom/sun/tools/javac/code/Symbol;Lcom/sun/tools/javac/tree/JCTree$JCExpression;Lcom/sun/tools/javac/tree/JCTree$JCExpression;Z)Lcom/sun
Event: 39.618 Thread 0x00007ff72400a000 Uncommon trap: reason=unstable_if action=reinterpret pc=0x00007ff7212ec7c4 method=com.sun.tools.javac.util.ByteBuffer.appendByte(I)V @ 9
Event: 39.686 Thread 0x00007ff72400a000 Uncommon trap: reason=unstable_if action=reinterpret pc=0x00007ff7214c9074 method=com.sun.tools.javac.jvm.Gen.visitIf(Lcom/sun/tools/javac/tree/JCTree$JCIf;)V @ 79
Event: 39.826 Thread 0x00007ff72400a000 Uncommon trap: reason=bimorphic action=maybe_recompile pc=0x00007ff721243630 method=com.sun.tools.javac.code.Types$15.visitClassType(Lcom/sun/tools/javac/code/Type$ClassType;Lcom/sun/tools/javac/code/Symbol;)Lcom/sun/tools/javac/code/Type; @ 82
Event: 39.830 Thread 0x00007ff72400a000 Uncommon trap: reason=bimorphic action=maybe_recompile pc=0x00007ff721243630 method=com.sun.tools.javac.code.Types$15.visitClassType(Lcom/sun/tools/javac/code/Type$ClassType;Lcom/sun/tools/javac/code/Symbol;)Lcom/sun/tools/javac/code/Type; @ 82
Event: 42.042 Thread 0x00007ff72400a000 Uncommon trap: reason=bimorphic action=maybe_recompile pc=0x00007ff72145d81c method=com.sun.tools.javac.jvm.Gen.appendStrings(Lcom/sun/tools/javac/tree/JCTree;)V @ 18
Event: 43.241 Thread 0x00007ff72400a000 Uncommon trap: reason=class_check action=maybe_recompile pc=0x00007ff7210e3efc method=com.sun.tools.javac.comp.TransTypes.visitSelect(Lcom/sun/tools/javac/tree/JCTree$JCFieldAccess;)V @ 18

Internal exceptions (10 events):
Event: 31.049 Thread 0x00007ff72400a000 Threw 0x00000000d6c13270 at /build/openjdk-7-9duhBW/openjdk-7-7u101-2.6.6/build/openjdk/hotspot/src/share/vm/prims/jvm.cpp:1322
Event: 31.049 Thread 0x00007ff72400a000 Threw 0x00000000d6c13d28 at /build/openjdk-7-9duhBW/openjdk-7-7u101-2.6.6/build/openjdk/hotspot/src/share/vm/prims/jvm.cpp:1322
Event: 31.050 Thread 0x00007ff72400a000 Threw 0x00000000d6c1a350 at /build/openjdk-7-9duhBW/openjdk-7-7u101-2.6.6/build/openjdk/hotspot/src/share/vm/prims/jvm.cpp:1322
Event: 31.050 Thread 0x00007ff72400a000 Threw 0x00000000d6c1b168 at /build/openjdk-7-9duhBW/openjdk-7-7u101-2.6.6/build/openjdk/hotspot/src/share/vm/prims/jvm.cpp:1322
Event: 31.050 Thread 0x00007ff72400a000 Threw 0x00000000d6c227e8 at /build/openjdk-7-9duhBW/openjdk-7-7u101-2.6.6/build/openjdk/hotspot/src/share/vm/prims/jvm.cpp:1322
Event: 31.050 Thread 0x00007ff72400a000 Threw 0x00000000d6c23520 at /build/openjdk-7-9duhBW/openjdk-7-7u101-2.6.6/build/openjdk/hotspot/src/share/vm/prims/jvm.cpp:1322
Event: 31.153 Thread 0x00007ff72400a000 Threw 0x00000000d717f4a0 at /build/openjdk-7-9duhBW/openjdk-7-7u101-2.6.6/build/openjdk/hotspot/src/share/vm/prims/jni.cpp:721
Event: 31.153 Thread 0x00007ff72400a000 Threw 0x00000000d71802d0 at /build/openjdk-7-9duhBW/openjdk-7-7u101-2.6.6/build/openjdk/hotspot/src/share/vm/prims/jni.cpp:721
Event: 31.153 Thread 0x00007ff72400a000 Threw 0x00000000d7180be8 at /build/openjdk-7-9duhBW/openjdk-7-7u101-2.6.6/build/openjdk/hotspot/src/share/vm/prims/jni.cpp:721
Event: 39.684 Thread 0x00007ff72400a000 Implicit null exception at 0x00007ff7214c88a6 to 0x00007ff7214c903d

Events (10 events):
Event: 42.036 Thread 0x00007ff72400a000 Uncommon trap: trap_request=0xffffffc6 fr.pc=0x00007ff72145d81c
Event: 42.043 Thread 0x00007ff72400a000 DEOPT PACKING pc=0x00007ff72145d81c sp=0x00007ff72d1cacb0
Event: 42.044 Thread 0x00007ff72400a000 DEOPT UNPACKING pc=0x00007ff721039445 sp=0x00007ff72d1caba8 mode 2
Event: 42.171 Thread 0x00007ff7240a1800 flushing nmethod 0x00007ff721101690
Event: 43.235 Thread 0x00007ff72400a000 Uncommon trap: trap_request=0xffffffde fr.pc=0x00007ff7210e3efc
Event: 43.250 Thread 0x00007ff72400a000 DEOPT PACKING pc=0x00007ff7210e3efc sp=0x00007ff72d1caf00
Event: 43.252 Thread 0x00007ff72400a000 DEOPT UNPACKING pc=0x00007ff721039445 sp=0x00007ff72d1caed0 mode 2
Event: 43.320 Thread 0x00007ff7240a4000 flushing nmethod 0x00007ff7211be550
Event: 43.959 Thread 0x00007ff7240a4000 flushing nmethod 0x00007ff721205a50
Event: 44.040 Executing VM operation: GenCollectForAllocation


Dynamic libraries:
00400000-00401000 r-xp 00000000 fd:01 1051940                            /usr/lib/jvm/java-7-openjdk-amd64/jre/bin/java
00600000-00601000 r--p 00000000 fd:01 1051940                            /usr/lib/jvm/java-7-openjdk-amd64/jre/bin/java
00601000-00602000 rw-p 00001000 fd:01 1051940                            /usr/lib/jvm/java-7-openjdk-amd64/jre/bin/java
00637000-00658000 rw-p 00000000 00:00 0                                  [heap]
d6800000-d8d50000 rw-p 00000000 00:00 0 
d8d50000-e0e00000 rw-p 00000000 00:00 0 
e0e00000-e5880000 rw-p 00000000 00:00 0 
e58b0000-f5a00000 rw-p 00000000 00:00 0 
f5a00000-f6ec0000 rw-p 00000000 00:00 0 
f6ec0000-100000000 rw-p 00000000 00:00 0 
7ff704000000-7ff70590a000 rw-p 00000000 00:00 0 
7ff70590a000-7ff708000000 ---p 00000000 00:00 0 
7ff708000000-7ff708021000 rw-p 00000000 00:00 0 
7ff708021000-7ff70c000000 ---p 00000000 00:00 0 
7ff70c000000-7ff70c021000 rw-p 00000000 00:00 0 
7ff70c021000-7ff710000000 ---p 00000000 00:00 0 
7ff710000000-7ff7115e5000 rw-p 00000000 00:00 0 
7ff7115e5000-7ff714000000 ---p 00000000 00:00 0 
7ff714000000-7ff714021000 rw-p 00000000 00:00 0 
7ff714021000-7ff718000000 ---p 00000000 00:00 0 
7ff718000000-7ff718021000 rw-p 00000000 00:00 0 
7ff718021000-7ff71c000000 ---p 00000000 00:00 0 
7ff71c000000-7ff71c3e9000 rw-p 00000000 00:00 0 
7ff71c3e9000-7ff720000000 ---p 00000000 00:00 0 
7ff72006e000-7ff720071000 ---p 00000000 00:00 0 
7ff720071000-7ff72016f000 rw-p 00000000 00:00 0 
7ff72016f000-7ff720172000 ---p 00000000 00:00 0 
7ff720172000-7ff720270000 rw-p 00000000 00:00 0 
7ff720270000-7ff7202ad000 r-xp 00000000 fd:01 393564                     /lib/x86_64-linux-gnu/libpcre.so.3.13.1
7ff7202ad000-7ff7204ac000 ---p 0003d000 fd:01 393564                     /lib/x86_64-linux-gnu/libpcre.so.3.13.1
7ff7204ac000-7ff7204ad000 r--p 0003c000 fd:01 393564                     /lib/x86_64-linux-gnu/libpcre.so.3.13.1
7ff7204ad000-7ff7204ae000 rw-p 0003d000 fd:01 393564                     /lib/x86_64-linux-gnu/libpcre.so.3.13.1
7ff7204ae000-7ff7204b5000 r-xp 00000000 fd:01 265486                     /usr/lib/x86_64-linux-gnu/libffi.so.6.0.1
7ff7204b5000-7ff7206b4000 ---p 00007000 fd:01 265486                     /usr/lib/x86_64-linux-gnu/libffi.so.6.0.1
7ff7206b4000-7ff7206b5000 r--p 00006000 fd:01 265486                     /usr/lib/x86_64-linux-gnu/libffi.so.6.0.1
7ff7206b5000-7ff7206b6000 rw-p 00007000 fd:01 265486                     /usr/lib/x86_64-linux-gnu/libffi.so.6.0.1
7ff7206b6000-7ff7206cd000 r-xp 00000000 fd:01 391782                     /lib/x86_64-linux-gnu/libresolv-2.19.so
7ff7206cd000-7ff7208cd000 ---p 00017000 fd:01 391782                     /lib/x86_64-linux-gnu/libresolv-2.19.so
7ff7208cd000-7ff7208ce000 r--p 00017000 fd:01 391782                     /lib/x86_64-linux-gnu/libresolv-2.19.so
7ff7208ce000-7ff7208cf000 rw-p 00018000 fd:01 391782                     /lib/x86_64-linux-gnu/libresolv-2.19.so
7ff7208cf000-7ff7208d1000 rw-p 00000000 00:00 0 
7ff7208d1000-7ff7208f1000 r-xp 00000000 fd:01 391702                     /lib/x86_64-linux-gnu/libselinux.so.1
7ff7208f1000-7ff720af0000 ---p 00020000 fd:01 391702                     /lib/x86_64-linux-gnu/libselinux.so.1
7ff720af0000-7ff720af1000 r--p 0001f000 fd:01 391702                     /lib/x86_64-linux-gnu/libselinux.so.1
7ff720af1000-7ff720af2000 rw-p 00020000 fd:01 391702                     /lib/x86_64-linux-gnu/libselinux.so.1
7ff720af2000-7ff720af4000 rw-p 00000000 00:00 0 
7ff720af4000-7ff720af7000 r-xp 00000000 fd:01 262520                     /usr/lib/x86_64-linux-gnu/libgmodule-2.0.so.0.4002.0
7ff720af7000-7ff720cf6000 ---p 00003000 fd:01 262520                     /usr/lib/x86_64-linux-gnu/libgmodule-2.0.so.0.4002.0
7ff720cf6000-7ff720cf7000 r--p 00002000 fd:01 262520                     /usr/lib/x86_64-linux-gnu/libgmodule-2.0.so.0.4002.0
7ff720cf7000-7ff720cf8000 rw-p 00003000 fd:01 262520                     /usr/lib/x86_64-linux-gnu/libgmodule-2.0.so.0.4002.0
7ff720cf8000-7ff720dfe000 r-xp 00000000 fd:01 394881                     /lib/x86_64-linux-gnu/libglib-2.0.so.0.4002.0
7ff720dfe000-7ff720ffd000 ---p 00106000 fd:01 394881                     /lib/x86_64-linux-gnu/libglib-2.0.so.0.4002.0
7ff720ffd000-7ff720ffe000 r--p 00105000 fd:01 394881                     /lib/x86_64-linux-gnu/libglib-2.0.so.0.4002.0
7ff720ffe000-7ff720fff000 rw-p 00106000 fd:01 394881                     /lib/x86_64-linux-gnu/libglib-2.0.so.0.4002.0
7ff720fff000-7ff721000000 rw-p 00000000 00:00 0 
7ff721000000-7ff721520000 rwxp 00000000 00:00 0 
7ff721520000-7ff7245d8000 rw-p 00000000 00:00 0 
7ff7245d8000-7ff728000000 ---p 00000000 00:00 0 
7ff7280a5000-7ff7280a8000 ---p 00000000 00:00 0 
7ff7280a8000-7ff7281a6000 rw-p 00000000 00:00 0 
7ff7281a6000-7ff7281a9000 ---p 00000000 00:00 0 
7ff7281a9000-7ff7281df000 rw-p 00000000 00:00 0 
7ff7281df000-7ff72822e000 r-xp 00000000 fd:01 262521                     /usr/lib/x86_64-linux-gnu/libgobject-2.0.so.0.4002.0
7ff72822e000-7ff72842e000 ---p 0004f000 fd:01 262521                     /usr/lib/x86_64-linux-gnu/libgobject-2.0.so.0.4002.0
7ff72842e000-7ff72842f000 r--p 0004f000 fd:01 262521                     /usr/lib/x86_64-linux-gnu/libgobject-2.0.so.0.4002.0
7ff72842f000-7ff728430000 rw-p 00050000 fd:01 262521                     /usr/lib/x86_64-linux-gnu/libgobject-2.0.so.0.4002.0
7ff728430000-7ff72859c000 r-xp 00000000 fd:01 262524                     /usr/lib/x86_64-linux-gnu/libgio-2.0.so.0.4002.0
7ff72859c000-7ff72879b000 ---p 0016c000 fd:01 262524                     /usr/lib/x86_64-linux-gnu/libgio-2.0.so.0.4002.0
7ff72879b000-7ff72879f000 r--p 0016b000 fd:01 262524                     /usr/lib/x86_64-linux-gnu/libgio-2.0.so.0.4002.0
7ff72879f000-7ff7287a1000 rw-p 0016f000 fd:01 262524                     /usr/lib/x86_64-linux-gnu/libgio-2.0.so.0.4002.0
7ff7287a1000-7ff7287a3000 rw-p 00000000 00:00 0 
7ff7287ab000-7ff7287c2000 r-xp 00000000 fd:01 1051965                    /usr/lib/jvm/java-7-openjdk-amd64/jre/lib/amd64/libnet.so
7ff7287c2000-7ff7289c1000 ---p 00017000 fd:01 1051965                    /usr/lib/jvm/java-7-openjdk-amd64/jre/lib/amd64/libnet.so
7ff7289c1000-7ff7289c2000 r--p 00016000 fd:01 1051965                    /usr/lib/jvm/java-7-openjdk-amd64/jre/lib/amd64/libnet.so
7ff7289c2000-7ff7289c3000 rw-p 00017000 fd:01 1051965                    /usr/lib/jvm/java-7-openjdk-amd64/jre/lib/amd64/libnet.so
7ff7289c3000-7ff7289d3000 r-xp 00000000 fd:01 1051989                    /usr/lib/jvm/java-7-openjdk-amd64/jre/lib/amd64/libnio.so
7ff7289d3000-7ff728bd3000 ---p 00010000 fd:01 1051989                    /usr/lib/jvm/java-7-openjdk-amd64/jre/lib/amd64/libnio.so
7ff728bd3000-7ff728bd4000 r--p 00010000 fd:01 1051989                    /usr/lib/jvm/java-7-openjdk-amd64/jre/lib/amd64/libnio.so
7ff728bd4000-7ff728bd5000 rw-p 00011000 fd:01 1051989                    /usr/lib/jvm/java-7-openjdk-amd64/jre/lib/amd64/libnio.so
7ff728bd5000-7ff728c40000 r--s 0069d000 fd:01 1054768                    /usr/lib/jvm/java-7-openjdk-amd64/lib/tools.jar
7ff728c40000-7ff728c41000 r--s 00002000 fd:01 263328                     /usr/share/java/ant-apache-resolver-1.9.3.jar
7ff728c41000-7ff728c42000 r--s 00004000 fd:01 262380                     /usr/share/java/ant-launcher-1.9.3.jar
7ff728c42000-7ff728c43000 r--s 00002000 fd:01 263315                     /usr/share/java/ant-antlr-1.9.3.jar
7ff728c43000-7ff728c44000 r--s 00001000 fd:01 263325                     /usr/share/java/ant-apache-xalan2-1.9.3.jar
7ff728c44000-7ff728c63000 r--s 001cc000 fd:01 262378                     /usr/share/java/ant-1.9.3.jar
7ff728c63000-7ff728c65000 r--s 00002000 fd:01 263323                     /usr/share/java/ant-junit4-1.9.3.jar
7ff728c65000-7ff728c66000 r--s 00002000 fd:01 263316                     /usr/share/java/ant-apache-bsf-1.9.3.jar
7ff728c66000-7ff728c68000 r--s 00004000 fd:01 263324                     /usr/share/java/ant-testutil-1.9.3.jar
7ff728c68000-7ff728c69000 r--s 00002000 fd:01 263330                     /usr/share/java/ant-commons-logging-1.9.3.jar
7ff728c69000-7ff728c6a000 r--s 00002000 fd:01 263314                     /usr/share/java/ant-apache-regexp-1.9.3.jar
7ff728c6a000-7ff728c6d000 r--s 0001a000 fd:01 263327                     /usr/share/java/ant-junit-1.9.3.jar
7ff728c6d000-7ff728c6f000 r--s 0000a000 fd:01 262390                     /usr/share/java/ant-jsch-1.9.3.jar
7ff728c6f000-7ff728c70000 r--s 00003000 fd:01 262386                     /usr/share/java/ant-swing-1.9.3.jar
7ff728c70000-7ff728c73000 r--s 00014000 fd:01 263322                     /usr/share/java/ant-commons-net-1.9.3.jar
7ff728c73000-7ff728c75000 r--s 00001000 fd:01 262387                     /usr/share/java/ant-apache-log4j-1.9.3.jar
7ff728c75000-7ff728c77000 r--s 00002000 fd:01 263317                     /usr/share/java/ant-jmf-1.9.3.jar
7ff728c77000-7ff728c78000 r--s 00003000 fd:01 263320                     /usr/share/java/ant-javamail-1.9.3.jar
7ff728c78000-7ff728c79000 r--s 00003000 fd:01 263326                     /usr/share/java/ant-jdepend-1.9.3.jar
7ff728c79000-7ff728c7a000 r--s 00003000 fd:01 263321                     /usr/share/java/ant-apache-bcel-1.9.3.jar
7ff728c7a000-7ff728c83000 r--s 00031000 fd:01 262367                     /usr/share/java/xml-apis-1.4.01.jar
7ff728c83000-7ff728c85000 r--s 00015000 fd:01 262363                     /usr/share/java/xml-resolver-1.2.jar
7ff728c85000-7ff728c9e000 r--s 00132000 fd:01 262373                     /usr/share/java/xercesImpl-2.11.0.jar
7ff728c9e000-7ff728ca7000 r--s 00031000 fd:01 262367                     /usr/share/java/xml-apis-1.4.01.jar
7ff728ca7000-7ff728ca8000 ---p 00000000 00:00 0 
7ff728ca8000-7ff728da8000 rw-p 00000000 00:00 0 
7ff728da8000-7ff728dab000 ---p 00000000 00:00 0 
7ff728dab000-7ff728ea9000 rw-p 00000000 00:00 0 
7ff728ea9000-7ff728eac000 ---p 00000000 00:00 0 
7ff728eac000-7ff728faa000 rw-p 00000000 00:00 0 
7ff728faa000-7ff728fad000 ---p 00000000 00:00 0 
7ff728fad000-7ff7290ab000 rw-p 00000000 00:00 0 
7ff7290ab000-7ff7290ae000 ---p 00000000 00:00 0 
7ff7290ae000-7ff7291ac000 rw-p 00000000 00:00 0 
7ff7291ac000-7ff7294b1000 r--p 00000000 fd:01 261272                     /usr/lib/locale/locale-archive
7ff7294b1000-7ff7294b4000 ---p 00000000 00:00 0 
7ff7294b4000-7ff7295b2000 rw-p 00000000 00:00 0 
7ff7295b2000-7ff7295b5000 ---p 00000000 00:00 0 
7ff7295b5000-7ff7296b3000 rw-p 00000000 00:00 0 
7ff7296b3000-7ff7296b4000 ---p 00000000 00:00 0 
7ff7296b4000-7ff7297fd000 rw-p 00000000 00:00 0 
7ff7297fd000-7ff7299af000 r--s 01d32000 fd:01 1052004                    /usr/lib/jvm/java-7-openjdk-amd64/jre/lib/rt.jar
7ff7299af000-7ff729ab3000 rw-p 00000000 00:00 0 
7ff729ab3000-7ff729afc000 rw-p 00000000 00:00 0 
7ff729afc000-7ff729b22000 rw-p 00000000 00:00 0 
7ff729b22000-7ff729ba3000 rw-p 00000000 00:00 0 
7ff729ba3000-7ff729bb6000 rw-p 00000000 00:00 0 
7ff729bb6000-7ff729bf6000 rw-p 00000000 00:00 0 
7ff729bf6000-7ff729c1c000 rw-p 00000000 00:00 0 
7ff729c1c000-7ff729c9c000 rw-p 00000000 00:00 0 
7ff729c9c000-7ff729ca7000 rw-p 00000000 00:00 0 
7ff729ca7000-7ff729cef000 rw-p 00000000 00:00 0 
7ff729cef000-7ff729cf0000 rw-p 00000000 00:00 0 
7ff729cf0000-7ff729cf8000 r-xp 00000000 fd:01 1051971                    /usr/lib/jvm/java-7-openjdk-amd64/jre/lib/amd64/libzip.so
7ff729cf8000-7ff729ef7000 ---p 00008000 fd:01 1051971                    /usr/lib/jvm/java-7-openjdk-amd64/jre/lib/amd64/libzip.so
7ff729ef7000-7ff729ef8000 r--p 00007000 fd:01 1051971                    /usr/lib/jvm/java-7-openjdk-amd64/jre/lib/amd64/libzip.so
7ff729ef8000-7ff729ef9000 rw-p 00008000 fd:01 1051971                    /usr/lib/jvm/java-7-openjdk-amd64/jre/lib/amd64/libzip.so
7ff729ef9000-7ff729f03000 r-xp 00000000 fd:01 393593                     /lib/x86_64-linux-gnu/libnss_files-2.19.so
7ff729f03000-7ff72a102000 ---p 0000a000 fd:01 393593                     /lib/x86_64-linux-gnu/libnss_files-2.19.so
7ff72a102000-7ff72a103000 r--p 00009000 fd:01 393593                     /lib/x86_64-linux-gnu/libnss_files-2.19.so
7ff72a103000-7ff72a104000 rw-p 0000a000 fd:01 393593                     /lib/x86_64-linux-gnu/libnss_files-2.19.so
7ff72a104000-7ff72a10f000 r-xp 00000000 fd:01 393583                     /lib/x86_64-linux-gnu/libnss_nis-2.19.so
7ff72a10f000-7ff72a30e000 ---p 0000b000 fd:01 393583                     /lib/x86_64-linux-gnu/libnss_nis-2.19.so
7ff72a30e000-7ff72a30f000 r--p 0000a000 fd:01 393583                     /lib/x86_64-linux-gnu/libnss_nis-2.19.so
7ff72a30f000-7ff72a310000 rw-p 0000b000 fd:01 393583                     /lib/x86_64-linux-gnu/libnss_nis-2.19.so
7ff72a310000-7ff72a327000 r-xp 00000000 fd:01 393579                     /lib/x86_64-linux-gnu/libnsl-2.19.so
7ff72a327000-7ff72a526000 ---p 00017000 fd:01 393579                     /lib/x86_64-linux-gnu/libnsl-2.19.so
7ff72a526000-7ff72a527000 r--p 00016000 fd:01 393579                     /lib/x86_64-linux-gnu/libnsl-2.19.so
7ff72a527000-7ff72a528000 rw-p 00017000 fd:01 393579                     /lib/x86_64-linux-gnu/libnsl-2.19.so
7ff72a528000-7ff72a52a000 rw-p 00000000 00:00 0 
7ff72a52a000-7ff72a533000 r-xp 00000000 fd:01 393576                     /lib/x86_64-linux-gnu/libnss_compat-2.19.so
7ff72a533000-7ff72a732000 ---p 00009000 fd:01 393576                     /lib/x86_64-linux-gnu/libnss_compat-2.19.so
7ff72a732000-7ff72a733000 r--p 00008000 fd:01 393576                     /lib/x86_64-linux-gnu/libnss_compat-2.19.so
7ff72a733000-7ff72a734000 rw-p 00009000 fd:01 393576                     /lib/x86_64-linux-gnu/libnss_compat-2.19.so
7ff72a734000-7ff72a75f000 r-xp 00000000 fd:01 1051956                    /usr/lib/jvm/java-7-openjdk-amd64/jre/lib/amd64/libjava.so
7ff72a75f000-7ff72a95f000 ---p 0002b000 fd:01 1051956                    /usr/lib/jvm/java-7-openjdk-amd64/jre/lib/amd64/libjava.so
7ff72a95f000-7ff72a960000 r--p 0002b000 fd:01 1051956                    /usr/lib/jvm/java-7-openjdk-amd64/jre/lib/amd64/libjava.so
7ff72a960000-7ff72a962000 rw-p 0002c000 fd:01 1051956                    /usr/lib/jvm/java-7-openjdk-amd64/jre/lib/amd64/libjava.so
7ff72a962000-7ff72a972000 r-xp 00000000 fd:01 1051957                    /usr/lib/jvm/java-7-openjdk-amd64/jre/lib/amd64/libverify.so
7ff72a972000-7ff72ab71000 ---p 00010000 fd:01 1051957                    /usr/lib/jvm/java-7-openjdk-amd64/jre/lib/amd64/libverify.so
7ff72ab71000-7ff72ab73000 r--p 0000f000 fd:01 1051957                    /usr/lib/jvm/java-7-openjdk-amd64/jre/lib/amd64/libverify.so
7ff72ab73000-7ff72ab74000 rw-p 00011000 fd:01 1051957                    /usr/lib/jvm/java-7-openjdk-amd64/jre/lib/amd64/libverify.so
7ff72ab74000-7ff72ab7b000 r-xp 00000000 fd:01 393588                     /lib/x86_64-linux-gnu/librt-2.19.so
7ff72ab7b000-7ff72ad7a000 ---p 00007000 fd:01 393588                     /lib/x86_64-linux-gnu/librt-2.19.so
7ff72ad7a000-7ff72ad7b000 r--p 00006000 fd:01 393588                     /lib/x86_64-linux-gnu/librt-2.19.so
7ff72ad7b000-7ff72ad7c000 rw-p 00007000 fd:01 393588                     /lib/x86_64-linux-gnu/librt-2.19.so
7ff72ad7c000-7ff72ad92000 r-xp 00000000 fd:01 391700                     /lib/x86_64-linux-gnu/libgcc_s.so.1
7ff72ad92000-7ff72af91000 ---p 00016000 fd:01 391700                     /lib/x86_64-linux-gnu/libgcc_s.so.1
7ff72af91000-7ff72af92000 rw-p 00015000 fd:01 391700                     /lib/x86_64-linux-gnu/libgcc_s.so.1
7ff72af92000-7ff72b097000 r-xp 00000000 fd:01 393569                     /lib/x86_64-linux-gnu/libm-2.19.so
7ff72b097000-7ff72b296000 ---p 00105000 fd:01 393569                     /lib/x86_64-linux-gnu/libm-2.19.so
7ff72b296000-7ff72b297000 r--p 00104000 fd:01 393569                     /lib/x86_64-linux-gnu/libm-2.19.so
7ff72b297000-7ff72b298000 rw-p 00105000 fd:01 393569                     /lib/x86_64-linux-gnu/libm-2.19.so
7ff72b298000-7ff72b37e000 r-xp 00000000 fd:01 262719                     /usr/lib/x86_64-linux-gnu/libstdc++.so.6.0.19
7ff72b37e000-7ff72b57d000 ---p 000e6000 fd:01 262719                     /usr/lib/x86_64-linux-gnu/libstdc++.so.6.0.19
7ff72b57d000-7ff72b585000 r--p 000e5000 fd:01 262719                     /usr/lib/x86_64-linux-gnu/libstdc++.so.6.0.19
7ff72b585000-7ff72b587000 rw-p 000ed000 fd:01 262719                     /usr/lib/x86_64-linux-gnu/libstdc++.so.6.0.19
7ff72b587000-7ff72b59c000 rw-p 00000000 00:00 0 
7ff72b59c000-7ff72c0c1000 r-xp 00000000 fd:01 1051969                    /usr/lib/jvm/java-7-openjdk-amd64/jre/lib/amd64/server/libjvm.so
7ff72c0c1000-7ff72c2c1000 ---p 00b25000 fd:01 1051969                    /usr/lib/jvm/java-7-openjdk-amd64/jre/lib/amd64/server/libjvm.so
7ff72c2c1000-7ff72c35b000 r--p 00b25000 fd:01 1051969                    /usr/lib/jvm/java-7-openjdk-amd64/jre/lib/amd64/server/libjvm.so
7ff72c35b000-7ff72c37e000 rw-p 00bbf000 fd:01 1051969                    /usr/lib/jvm/java-7-openjdk-amd64/jre/lib/amd64/server/libjvm.so
7ff72c37e000-7ff72c3ad000 rw-p 00000000 00:00 0 
7ff72c3ad000-7ff72c3c5000 r-xp 00000000 fd:01 391928                     /lib/x86_64-linux-gnu/libz.so.1.2.8
7ff72c3c5000-7ff72c5c4000 ---p 00018000 fd:01 391928                     /lib/x86_64-linux-gnu/libz.so.1.2.8
7ff72c5c4000-7ff72c5c5000 r--p 00017000 fd:01 391928                     /lib/x86_64-linux-gnu/libz.so.1.2.8
7ff72c5c5000-7ff72c5c6000 rw-p 00018000 fd:01 391928                     /lib/x86_64-linux-gnu/libz.so.1.2.8
7ff72c5c6000-7ff72c5df000 r-xp 00000000 fd:01 393580                     /lib/x86_64-linux-gnu/libpthread-2.19.so
7ff72c5df000-7ff72c7de000 ---p 00019000 fd:01 393580                     /lib/x86_64-linux-gnu/libpthread-2.19.so
7ff72c7de000-7ff72c7df000 r--p 00018000 fd:01 393580                     /lib/x86_64-linux-gnu/libpthread-2.19.so
7ff72c7df000-7ff72c7e0000 rw-p 00019000 fd:01 393580                     /lib/x86_64-linux-gnu/libpthread-2.19.so
7ff72c7e0000-7ff72c7e4000 rw-p 00000000 00:00 0 
7ff72c7e4000-7ff72c7e7000 r-xp 00000000 fd:01 393571                     /lib/x86_64-linux-gnu/libdl-2.19.so
7ff72c7e7000-7ff72c9e6000 ---p 00003000 fd:01 393571                     /lib/x86_64-linux-gnu/libdl-2.19.so
7ff72c9e6000-7ff72c9e7000 r--p 00002000 fd:01 393571                     /lib/x86_64-linux-gnu/libdl-2.19.so
7ff72c9e7000-7ff72c9e8000 rw-p 00003000 fd:01 393571                     /lib/x86_64-linux-gnu/libdl-2.19.so
7ff72c9e8000-7ff72cba2000 r-xp 00000000 fd:01 393589                     /lib/x86_64-linux-gnu/libc-2.19.so
7ff72cba2000-7ff72cda2000 ---p 001ba000 fd:01 393589                     /lib/x86_64-linux-gnu/libc-2.19.so
7ff72cda2000-7ff72cda6000 r--p 001ba000 fd:01 393589                     /lib/x86_64-linux-gnu/libc-2.19.so
7ff72cda6000-7ff72cda8000 rw-p 001be000 fd:01 393589                     /lib/x86_64-linux-gnu/libc-2.19.so
7ff72cda8000-7ff72cdad000 rw-p 00000000 00:00 0 
7ff72cdad000-7ff72cdba000 r-xp 00000000 fd:01 1051986                    /usr/lib/jvm/java-7-openjdk-amd64/jre/lib/amd64/jli/libjli.so
7ff72cdba000-7ff72cfb9000 ---p 0000d000 fd:01 1051986                    /usr/lib/jvm/java-7-openjdk-amd64/jre/lib/amd64/jli/libjli.so
7ff72cfb9000-7ff72cfba000 r--p 0000c000 fd:01 1051986                    /usr/lib/jvm/java-7-openjdk-amd64/jre/lib/amd64/jli/libjli.so
7ff72cfba000-7ff72cfbb000 rw-p 0000d000 fd:01 1051986                    /usr/lib/jvm/java-7-openjdk-amd64/jre/lib/amd64/jli/libjli.so
7ff72cfbb000-7ff72cfde000 r-xp 00000000 fd:01 393581                     /lib/x86_64-linux-gnu/ld-2.19.so
7ff72cfde000-7ff72cfdf000 r--s 00002000 fd:01 263318                     /usr/share/java/ant-apache-oro-1.9.3.jar
7ff72cfdf000-7ff72cfe4000 r--s 00010000 fd:01 262366                     /usr/share/java/xml-apis-ext-1.4.01.jar
7ff72cfe4000-7ff72cfe6000 r--s 00012000 fd:01 1052018                    /usr/lib/jvm/java-7-openjdk-amd64/jre/lib/ext/zipfs.jar
7ff72cfe6000-7ff72cfea000 r--s 00034000 fd:01 1052019                    /usr/lib/jvm/java-7-openjdk-amd64/jre/lib/ext/sunjce_provider.jar
7ff72cfea000-7ff72cfec000 r--s 00006000 fd:01 264460                     /usr/share/java/java-atk-wrapper.jar
7ff72cfec000-7ff72cff0000 r--s 00085000 fd:01 1052021                    /usr/lib/jvm/java-7-openjdk-amd64/jre/lib/ext/localedata.jar
7ff72cff0000-7ff72cff9000 r--s 0008b000 fd:01 1045358                    /usr/lib/jvm/java-7-openjdk-amd64/jre/lib/ext/javax.mail.jar
7ff72cff9000-7ff72cffc000 r--s 0000f000 fd:01 1052020                    /usr/lib/jvm/java-7-openjdk-amd64/jre/lib/ext/icedtea-sound.jar
7ff72cffc000-7ff72d005000 r--s 000e8000 fd:01 1054574                    /usr/lib/jvm/java-7-openjdk-amd64/jre/lib/ext/mysql-connector-java-5.1.37-bin.jar
7ff72d005000-7ff72d01a000 rw-p 00000000 00:00 0 
7ff72d01a000-7ff72d0c5000 rw-p 00000000 00:00 0 
7ff72d0c5000-7ff72d0cd000 rw-s 00000000 fd:01 1050975                    /tmp/hsperfdata_root/14219
7ff72d0cd000-7ff72d0d0000 ---p 00000000 00:00 0 
7ff72d0d0000-7ff72d1d3000 rw-p 00000000 00:00 0 
7ff72d1d3000-7ff72d1d4000 r--s 00004000 fd:01 262380                     /usr/share/java/ant-launcher-1.9.3.jar
7ff72d1d4000-7ff72d1d5000 r--s 00002000 fd:01 1052017                    /usr/lib/jvm/java-7-openjdk-amd64/jre/lib/ext/dnsns.jar
7ff72d1d5000-7ff72d1d9000 r--s 0003c000 fd:01 1052022                    /usr/lib/jvm/java-7-openjdk-amd64/jre/lib/ext/sunpkcs11.jar
7ff72d1d9000-7ff72d1da000 rw-p 00000000 00:00 0 
7ff72d1da000-7ff72d1db000 ---p 00000000 00:00 0 
7ff72d1db000-7ff72d1dd000 rw-p 00000000 00:00 0 
7ff72d1dd000-7ff72d1de000 r--p 00022000 fd:01 393581                     /lib/x86_64-linux-gnu/ld-2.19.so
7ff72d1de000-7ff72d1df000 rw-p 00023000 fd:01 393581                     /lib/x86_64-linux-gnu/ld-2.19.so
7ff72d1df000-7ff72d1e0000 rw-p 00000000 00:00 0 
7ffc4344e000-7ffc4346f000 rw-p 00000000 00:00 0                          [stack]
7ffc435ce000-7ffc435d0000 r--p 00000000 00:00 0                          [vvar]
7ffc435d0000-7ffc435d2000 r-xp 00000000 00:00 0                          [vdso]
ffffffffff600000-ffffffffff601000 r-xp 00000000 00:00 0                  [vsyscall]

VM Arguments:
jvm_args: -Dant.home=/usr/share/ant -Dant.library.dir=/usr/share/ant/lib 
java_command: org.apache.tools.ant.launch.Launcher -cp  all
Launcher Type: SUN_STANDARD

Environment Variables:
JAVA_HOME=/usr/lib/jvm/java-7-openjdk-amd64
PATH=/usr/local/sbin:/usr/local/bin:/usr/sbin:/usr/bin:/sbin:/bin:/usr/games:/usr/local/games
SHELL=/bin/bash
DISPLAY=localhost:10.0

Signal Handlers:
SIGSEGV: [libjvm.so+0x9561e0], sa_mask[0]=0x7ffbfeff, sa_flags=0x10000004
SIGBUS: [libjvm.so+0x9561e0], sa_mask[0]=0x7ffbfeff, sa_flags=0x10000004
SIGFPE: [libjvm.so+0x7cc4d0], sa_mask[0]=0x7ffbfeff, sa_flags=0x10000004
SIGPIPE: [libjvm.so+0x7cc4d0], sa_mask[0]=0x7ffbfeff, sa_flags=0x10000004
SIGXFSZ: [libjvm.so+0x7cc4d0], sa_mask[0]=0x7ffbfeff, sa_flags=0x10000004
SIGILL: [libjvm.so+0x7cc4d0], sa_mask[0]=0x7ffbfeff, sa_flags=0x10000004
SIGUSR1: SIG_DFL, sa_mask[0]=0x00000000, sa_flags=0x00000000
SIGUSR2: [libjvm.so+0x7cc370], sa_mask[0]=0x00000000, sa_flags=0x10000004
SIGHUP: [libjvm.so+0x7cc550], sa_mask[0]=0x7ffbfeff, sa_flags=0x10000004
SIGINT: [libjvm.so+0x7cc550], sa_mask[0]=0x7ffbfeff, sa_flags=0x10000004
SIGTERM: [libjvm.so+0x7cc550], sa_mask[0]=0x7ffbfeff, sa_flags=0x10000004
SIGQUIT: [libjvm.so+0x7cc550], sa_mask[0]=0x7ffbfeff, sa_flags=0x10000004
SIGTRAP: SIG_DFL, sa_mask[0]=0x00000000, sa_flags=0x00000000


---------------  S Y S T E M  ---------------

OS:Ubuntu 14.04 (trusty)
uname:Linux 4.4.0-28-generic #47~14.04.1-Ubuntu SMP Fri Jun 24 16:30:35 UTC 2016 x86_64
libc:glibc 2.19 NPTL 2.19 
rlimit: STACK 8192k, CORE 0k, NPROC 3848, NOFILE 4096, AS infinity
load average:1.60 0.68 0.52

/proc/meminfo:
MemTotal:        1016556 kB
MemFree:           56668 kB
MemAvailable:          0 kB
Buffers:             240 kB
Cached:            15540 kB
SwapCached:            0 kB
Active:           904976 kB
Inactive:           7624 kB
Active(anon):     903048 kB
Inactive(anon):     5640 kB
Active(file):       1928 kB
Inactive(file):     1984 kB
Unevictable:           0 kB
Mlocked:               0 kB
SwapTotal:             0 kB
SwapFree:              0 kB
Dirty:               104 kB
Writeback:             0 kB
AnonPages:        896972 kB
Mapped:            14244 kB
Shmem:             11716 kB
Slab:              22644 kB
SReclaimable:      11136 kB
SUnreclaim:        11508 kB
KernelStack:        2944 kB
PageTables:         9352 kB
NFS_Unstable:          0 kB
Bounce:                0 kB
WritebackTmp:          0 kB
CommitLimit:      508276 kB
Committed_AS:    1343576 kB
VmallocTotal:   34359738367 kB
VmallocUsed:           0 kB
VmallocChunk:          0 kB
HardwareCorrupted:     0 kB
AnonHugePages:    714752 kB
CmaTotal:              0 kB
CmaFree:               0 kB
HugePages_Total:       0
HugePages_Free:        0
HugePages_Rsvd:        0
HugePages_Surp:        0
Hugepagesize:       2048 kB
DirectMap4k:       51192 kB
DirectMap2M:      997376 kB
DirectMap1G:           0 kB


CPU:total 1 (1 cores per cpu, 1 threads per core) family 6 model 62 stepping 4, cmov, cx8, fxsr, mmx, sse, sse2, sse3, ssse3, sse4.1, sse4.2, popcnt, avx, aes, erms, tsc

/proc/cpuinfo:
processor	: 0
vendor_id	: GenuineIntel
cpu family	: 6
model		: 62
model name	: Intel(R) Xeon(R) CPU E5-2630L v2 @ 2.40GHz
stepping	: 4
microcode	: 0x1
cpu MHz		: 2399.998
cache size	: 15360 KB
physical id	: 0
siblings	: 1
core id		: 0
cpu cores	: 1
apicid		: 0
initial apicid	: 0
fpu		: yes
fpu_exception	: yes
cpuid level	: 13
wp		: yes
flags		: fpu vme de pse tsc msr pae mce cx8 apic sep mtrr pge mca cmov pat pse36 clflush mmx fxsr sse sse2 ss syscall nx pdpe1gb rdtscp lm constant_tsc arch_perfmon rep_good nopl eagerfpu pni pclmulqdq vmx ssse3 cx16 pcid sse4_1 sse4_2 x2apic popcnt tsc_deadline_timer aes xsave avx f16c rdrand hypervisor lahf_lm vnmi ept fsgsbase tsc_adjust smep erms xsaveopt arat
bugs		:
bogomips	: 4799.99
clflush size	: 64
cache_alignment	: 64
address sizes	: 40 bits physical, 48 bits virtual
power management:



Memory: 4k page, physical 1016556k(56668k free), swap 0k(0k free)

vm_info: OpenJDK 64-Bit Server VM (24.95-b01) for linux-amd64 JRE (1.7.0_101-b00), built on Apr 24 2016 20:39:29 by "buildd" with gcc 4.8.2

time: Wed Jul 20 17:23:22 2016
elapsed time: 44 seconds

