#
# There is insufficient memory for the Java Runtime Environment to continue.
# Native memory allocation (malloc) failed to allocate 21757952 bytes for committing reserved memory.
# Possible reasons:
#   The system is out of physical RAM or swap space
#   In 32 bit mode, the process size limit was hit
# Possible solutions:
#   Reduce memory load on the system
#   Increase physical memory or swap space
#   Check if swap backing store is full
#   Use 64 bit Java on a 64 bit OS
#   Decrease Java heap size (-Xmx/-Xms)
#   Decrease number of Java threads
#   Decrease Java thread stack sizes (-Xss)
#   Set larger code cache with -XX:ReservedCodeCacheSize=
# This output file may be truncated or incomplete.
#
#  Out of Memory Error (os_linux.cpp:2827), pid=19657, tid=140529990866688
#
# JRE version:  (7.0_101) (build )
# Java VM: OpenJDK 64-Bit Server VM (24.95-b01 mixed mode linux-amd64 compressed oops)
# Derivative: IcedTea 2.6.6
# Distribution: Ubuntu 14.04 LTS, package 7u101-2.6.6-0ubuntu0.14.04.1
# Failed to write core dump. Core dumps have been disabled. To enable core dumping, try "ulimit -c unlimited" before starting Java again
#

---------------  T H R E A D  ---------------

Current thread (0x00007fcfa800a000):  JavaThread "Unknown thread" [_thread_in_vm, id=19659, stack(0x00007fcfb01f9000,0x00007fcfb02fa000)]

Stack: [0x00007fcfb01f9000,0x00007fcfb02fa000],  sp=0x00007fcfb02f80d0,  free space=1020k
Native frames: (J=compiled Java code, j=interpreted, Vv=VM code, C=native code)
V  [libjvm.so+0x955705]
V  [libjvm.so+0x490c44]
V  [libjvm.so+0x7d0c9b]
V  [libjvm.so+0x7cb75f]
V  [libjvm.so+0x9525f4]
V  [libjvm.so+0x568eeb]
V  [libjvm.so+0x435842]
V  [libjvm.so+0x818a1c]
V  [libjvm.so+0x56a224]
V  [libjvm.so+0x55bd9d]
V  [libjvm.so+0x9260f7]
V  [libjvm.so+0x926427]
V  [libjvm.so+0x5a3dc5]
V  [libjvm.so+0x90be4f]
V  [libjvm.so+0x60fb54]  JNI_CreateJavaVM+0x54
C  [libjli.so+0x2b48]


---------------  P R O C E S S  ---------------

Java Threads: ( => current thread )

Other Threads:

=>0x00007fcfa800a000 (exited) JavaThread "Unknown thread" [_thread_in_vm, id=19659, stack(0x00007fcfb01f9000,0x00007fcfb02fa000)]

VM state:not at safepoint (not fully initialized)

VM Mutex/Monitor currently owned by a thread: None

GC Heap History (0 events):
No events

Deoptimization events (0 events):
No events

Internal exceptions (0 events):
No events

Events (0 events):
No events


Dynamic libraries:
00400000-00401000 r-xp 00000000 fd:01 1051940                            /usr/lib/jvm/java-7-openjdk-amd64/jre/bin/java
00600000-00601000 r--p 00000000 fd:01 1051940                            /usr/lib/jvm/java-7-openjdk-amd64/jre/bin/java
00601000-00602000 rw-p 00001000 fd:01 1051940                            /usr/lib/jvm/java-7-openjdk-amd64/jre/bin/java
00826000-00847000 rw-p 00000000 00:00 0                                  [heap]
d6800000-d6d30000 rw-p 00000000 00:00 0 
d6d30000-e0e00000 rw-p 00000000 00:00 0 
e0e00000-e1860000 rw-p 00000000 00:00 0 
e1860000-f5a00000 rw-p 00000000 00:00 0 
f6ec0000-100000000 rw-p 00000000 00:00 0 
7fcfa5000000-7fcfa5270000 rwxp 00000000 00:00 0 
7fcfa5270000-7fcfa8025000 rw-p 00000000 00:00 0 
7fcfa8025000-7fcfac000000 ---p 00000000 00:00 0 
7fcfacc2a000-7fcfacc30000 rw-p 00000000 00:00 0 
7fcfacc30000-7fcfaccd1000 rw-p 00000000 00:00 0 
7fcfaccd1000-7fcfaccd4000 rw-p 00000000 00:00 0 
7fcfaccd4000-7fcfacd24000 rw-p 00000000 00:00 0 
7fcfacd24000-7fcfacd2a000 rw-p 00000000 00:00 0 
7fcfacd2a000-7fcface1d000 rw-p 00000000 00:00 0 
7fcface1d000-7fcface1e000 rw-p 00000000 00:00 0 
7fcface1e000-7fcface26000 r-xp 00000000 fd:01 1051971                    /usr/lib/jvm/java-7-openjdk-amd64/jre/lib/amd64/libzip.so
7fcface26000-7fcfad025000 ---p 00008000 fd:01 1051971                    /usr/lib/jvm/java-7-openjdk-amd64/jre/lib/amd64/libzip.so
7fcfad025000-7fcfad026000 r--p 00007000 fd:01 1051971                    /usr/lib/jvm/java-7-openjdk-amd64/jre/lib/amd64/libzip.so
7fcfad026000-7fcfad027000 rw-p 00008000 fd:01 1051971                    /usr/lib/jvm/java-7-openjdk-amd64/jre/lib/amd64/libzip.so
7fcfad027000-7fcfad031000 r-xp 00000000 fd:01 393593                     /lib/x86_64-linux-gnu/libnss_files-2.19.so
7fcfad031000-7fcfad230000 ---p 0000a000 fd:01 393593                     /lib/x86_64-linux-gnu/libnss_files-2.19.so
7fcfad230000-7fcfad231000 r--p 00009000 fd:01 393593                     /lib/x86_64-linux-gnu/libnss_files-2.19.so
7fcfad231000-7fcfad232000 rw-p 0000a000 fd:01 393593                     /lib/x86_64-linux-gnu/libnss_files-2.19.so
7fcfad232000-7fcfad23d000 r-xp 00000000 fd:01 393583                     /lib/x86_64-linux-gnu/libnss_nis-2.19.so
7fcfad23d000-7fcfad43c000 ---p 0000b000 fd:01 393583                     /lib/x86_64-linux-gnu/libnss_nis-2.19.so
7fcfad43c000-7fcfad43d000 r--p 0000a000 fd:01 393583                     /lib/x86_64-linux-gnu/libnss_nis-2.19.so
7fcfad43d000-7fcfad43e000 rw-p 0000b000 fd:01 393583                     /lib/x86_64-linux-gnu/libnss_nis-2.19.so
7fcfad43e000-7fcfad455000 r-xp 00000000 fd:01 393579                     /lib/x86_64-linux-gnu/libnsl-2.19.so
7fcfad455000-7fcfad654000 ---p 00017000 fd:01 393579                     /lib/x86_64-linux-gnu/libnsl-2.19.so
7fcfad654000-7fcfad655000 r--p 00016000 fd:01 393579                     /lib/x86_64-linux-gnu/libnsl-2.19.so
7fcfad655000-7fcfad656000 rw-p 00017000 fd:01 393579                     /lib/x86_64-linux-gnu/libnsl-2.19.so
7fcfad656000-7fcfad658000 rw-p 00000000 00:00 0 
7fcfad658000-7fcfad661000 r-xp 00000000 fd:01 393576                     /lib/x86_64-linux-gnu/libnss_compat-2.19.so
7fcfad661000-7fcfad860000 ---p 00009000 fd:01 393576                     /lib/x86_64-linux-gnu/libnss_compat-2.19.so
7fcfad860000-7fcfad861000 r--p 00008000 fd:01 393576                     /lib/x86_64-linux-gnu/libnss_compat-2.19.so
7fcfad861000-7fcfad862000 rw-p 00009000 fd:01 393576                     /lib/x86_64-linux-gnu/libnss_compat-2.19.so
7fcfad862000-7fcfad88d000 r-xp 00000000 fd:01 1051956                    /usr/lib/jvm/java-7-openjdk-amd64/jre/lib/amd64/libjava.so
7fcfad88d000-7fcfada8d000 ---p 0002b000 fd:01 1051956                    /usr/lib/jvm/java-7-openjdk-amd64/jre/lib/amd64/libjava.so
7fcfada8d000-7fcfada8e000 r--p 0002b000 fd:01 1051956                    /usr/lib/jvm/java-7-openjdk-amd64/jre/lib/amd64/libjava.so
7fcfada8e000-7fcfada90000 rw-p 0002c000 fd:01 1051956                    /usr/lib/jvm/java-7-openjdk-amd64/jre/lib/amd64/libjava.so
7fcfada90000-7fcfadaa0000 r-xp 00000000 fd:01 1051957                    /usr/lib/jvm/java-7-openjdk-amd64/jre/lib/amd64/libverify.so
7fcfadaa0000-7fcfadc9f000 ---p 00010000 fd:01 1051957                    /usr/lib/jvm/java-7-openjdk-amd64/jre/lib/amd64/libverify.so
7fcfadc9f000-7fcfadca1000 r--p 0000f000 fd:01 1051957                    /usr/lib/jvm/java-7-openjdk-amd64/jre/lib/amd64/libverify.so
7fcfadca1000-7fcfadca2000 rw-p 00011000 fd:01 1051957                    /usr/lib/jvm/java-7-openjdk-amd64/jre/lib/amd64/libverify.so
7fcfadca2000-7fcfadca9000 r-xp 00000000 fd:01 393588                     /lib/x86_64-linux-gnu/librt-2.19.so
7fcfadca9000-7fcfadea8000 ---p 00007000 fd:01 393588                     /lib/x86_64-linux-gnu/librt-2.19.so
7fcfadea8000-7fcfadea9000 r--p 00006000 fd:01 393588                     /lib/x86_64-linux-gnu/librt-2.19.so
7fcfadea9000-7fcfadeaa000 rw-p 00007000 fd:01 393588                     /lib/x86_64-linux-gnu/librt-2.19.so
7fcfadeaa000-7fcfadec0000 r-xp 00000000 fd:01 391700                     /lib/x86_64-linux-gnu/libgcc_s.so.1
7fcfadec0000-7fcfae0bf000 ---p 00016000 fd:01 391700                     /lib/x86_64-linux-gnu/libgcc_s.so.1
7fcfae0bf000-7fcfae0c0000 rw-p 00015000 fd:01 391700                     /lib/x86_64-linux-gnu/libgcc_s.so.1
7fcfae0c0000-7fcfae1c5000 r-xp 00000000 fd:01 393569                     /lib/x86_64-linux-gnu/libm-2.19.so
7fcfae1c5000-7fcfae3c4000 ---p 00105000 fd:01 393569                     /lib/x86_64-linux-gnu/libm-2.19.so
7fcfae3c4000-7fcfae3c5000 r--p 00104000 fd:01 393569                     /lib/x86_64-linux-gnu/libm-2.19.so
7fcfae3c5000-7fcfae3c6000 rw-p 00105000 fd:01 393569                     /lib/x86_64-linux-gnu/libm-2.19.so
7fcfae3c6000-7fcfae4ac000 r-xp 00000000 fd:01 262719                     /usr/lib/x86_64-linux-gnu/libstdc++.so.6.0.19
7fcfae4ac000-7fcfae6ab000 ---p 000e6000 fd:01 262719                     /usr/lib/x86_64-linux-gnu/libstdc++.so.6.0.19
7fcfae6ab000-7fcfae6b3000 r--p 000e5000 fd:01 262719                     /usr/lib/x86_64-linux-gnu/libstdc++.so.6.0.19
7fcfae6b3000-7fcfae6b5000 rw-p 000ed000 fd:01 262719                     /usr/lib/x86_64-linux-gnu/libstdc++.so.6.0.19
7fcfae6b5000-7fcfae6ca000 rw-p 00000000 00:00 0 
7fcfae6ca000-7fcfaf1ef000 r-xp 00000000 fd:01 1051969                    /usr/lib/jvm/java-7-openjdk-amd64/jre/lib/amd64/server/libjvm.so
7fcfaf1ef000-7fcfaf3ef000 ---p 00b25000 fd:01 1051969                    /usr/lib/jvm/java-7-openjdk-amd64/jre/lib/amd64/server/libjvm.so
7fcfaf3ef000-7fcfaf489000 r--p 00b25000 fd:01 1051969                    /usr/lib/jvm/java-7-openjdk-amd64/jre/lib/amd64/server/libjvm.so
7fcfaf489000-7fcfaf4ac000 rw-p 00bbf000 fd:01 1051969                    /usr/lib/jvm/java-7-openjdk-amd64/jre/lib/amd64/server/libjvm.so
7fcfaf4ac000-7fcfaf4db000 rw-p 00000000 00:00 0 
7fcfaf4db000-7fcfaf4f3000 r-xp 00000000 fd:01 391928                     /lib/x86_64-linux-gnu/libz.so.1.2.8
7fcfaf4f3000-7fcfaf6f2000 ---p 00018000 fd:01 391928                     /lib/x86_64-linux-gnu/libz.so.1.2.8
7fcfaf6f2000-7fcfaf6f3000 r--p 00017000 fd:01 391928                     /lib/x86_64-linux-gnu/libz.so.1.2.8
7fcfaf6f3000-7fcfaf6f4000 rw-p 00018000 fd:01 391928                     /lib/x86_64-linux-gnu/libz.so.1.2.8
7fcfaf6f4000-7fcfaf70d000 r-xp 00000000 fd:01 393580                     /lib/x86_64-linux-gnu/libpthread-2.19.so
7fcfaf70d000-7fcfaf90c000 ---p 00019000 fd:01 393580                     /lib/x86_64-linux-gnu/libpthread-2.19.so
7fcfaf90c000-7fcfaf90d000 r--p 00018000 fd:01 393580                     /lib/x86_64-linux-gnu/libpthread-2.19.so
7fcfaf90d000-7fcfaf90e000 rw-p 00019000 fd:01 393580                     /lib/x86_64-linux-gnu/libpthread-2.19.so
7fcfaf90e000-7fcfaf912000 rw-p 00000000 00:00 0 
7fcfaf912000-7fcfaf915000 r-xp 00000000 fd:01 393571                     /lib/x86_64-linux-gnu/libdl-2.19.so
7fcfaf915000-7fcfafb14000 ---p 00003000 fd:01 393571                     /lib/x86_64-linux-gnu/libdl-2.19.so
7fcfafb14000-7fcfafb15000 r--p 00002000 fd:01 393571                     /lib/x86_64-linux-gnu/libdl-2.19.so
7fcfafb15000-7fcfafb16000 rw-p 00003000 fd:01 393571                     /lib/x86_64-linux-gnu/libdl-2.19.so
7fcfafb16000-7fcfafcd0000 r-xp 00000000 fd:01 393589                     /lib/x86_64-linux-gnu/libc-2.19.so
7fcfafcd0000-7fcfafed0000 ---p 001ba000 fd:01 393589                     /lib/x86_64-linux-gnu/libc-2.19.so
7fcfafed0000-7fcfafed4000 r--p 001ba000 fd:01 393589                     /lib/x86_64-linux-gnu/libc-2.19.so
7fcfafed4000-7fcfafed6000 rw-p 001be000 fd:01 393589                     /lib/x86_64-linux-gnu/libc-2.19.so
7fcfafed6000-7fcfafedb000 rw-p 00000000 00:00 0 
7fcfafedb000-7fcfafee8000 r-xp 00000000 fd:01 1051986                    /usr/lib/jvm/java-7-openjdk-amd64/jre/lib/amd64/jli/libjli.so
7fcfafee8000-7fcfb00e7000 ---p 0000d000 fd:01 1051986                    /usr/lib/jvm/java-7-openjdk-amd64/jre/lib/amd64/jli/libjli.so
7fcfb00e7000-7fcfb00e8000 r--p 0000c000 fd:01 1051986                    /usr/lib/jvm/java-7-openjdk-amd64/jre/lib/amd64/jli/libjli.so
7fcfb00e8000-7fcfb00e9000 rw-p 0000d000 fd:01 1051986                    /usr/lib/jvm/java-7-openjdk-amd64/jre/lib/amd64/jli/libjli.so
7fcfb00e9000-7fcfb010c000 r-xp 00000000 fd:01 393581                     /lib/x86_64-linux-gnu/ld-2.19.so
7fcfb0137000-7fcfb0143000 rw-p 00000000 00:00 0 
7fcfb0143000-7fcfb01f9000 rw-p 00000000 00:00 0 
7fcfb01f9000-7fcfb01fc000 ---p 00000000 00:00 0 
7fcfb01fc000-7fcfb02ff000 rw-p 00000000 00:00 0 
7fcfb02ff000-7fcfb0307000 rw-s 00000000 fd:01 920697                     /tmp/hsperfdata_root/19657
7fcfb0307000-7fcfb0308000 rw-p 00000000 00:00 0 
7fcfb0308000-7fcfb0309000 r--p 00000000 00:00 0 
7fcfb0309000-7fcfb030b000 rw-p 00000000 00:00 0 
7fcfb030b000-7fcfb030c000 r--p 00022000 fd:01 393581                     /lib/x86_64-linux-gnu/ld-2.19.so
7fcfb030c000-7fcfb030d000 rw-p 00023000 fd:01 393581                     /lib/x86_64-linux-gnu/ld-2.19.so
7fcfb030d000-7fcfb030e000 rw-p 00000000 00:00 0 
7ffed98e5000-7ffed9906000 rw-p 00000000 00:00 0                          [stack]
7ffed99ef000-7ffed99f1000 r--p 00000000 00:00 0                          [vvar]
7ffed99f1000-7ffed99f3000 r-xp 00000000 00:00 0                          [vdso]
ffffffffff600000-ffffffffff601000 r-xp 00000000 00:00 0                  [vsyscall]

VM Arguments:
jvm_args: -Dant.home=/usr/share/ant -Dant.library.dir=/usr/share/ant/lib 
java_command: org.apache.tools.ant.launch.Launcher -cp  all
Launcher Type: SUN_STANDARD

Environment Variables:
JAVA_HOME=/usr/lib/jvm/java-7-openjdk-amd64
PATH=/usr/local/sbin:/usr/local/bin:/usr/sbin:/usr/bin:/sbin:/bin:/usr/games:/usr/local/games
SHELL=/bin/bash
DISPLAY=localhost:10.0

Signal Handlers:
SIGSEGV: [libjvm.so+0x9561e0], sa_mask[0]=0x7ffbfeff, sa_flags=0x10000004
SIGBUS: [libjvm.so+0x9561e0], sa_mask[0]=0x7ffbfeff, sa_flags=0x10000004
SIGFPE: [libjvm.so+0x7cc4d0], sa_mask[0]=0x7ffbfeff, sa_flags=0x10000004
SIGPIPE: [libjvm.so+0x7cc4d0], sa_mask[0]=0x7ffbfeff, sa_flags=0x10000004
SIGXFSZ: [libjvm.so+0x7cc4d0], sa_mask[0]=0x7ffbfeff, sa_flags=0x10000004
SIGILL: [libjvm.so+0x7cc4d0], sa_mask[0]=0x7ffbfeff, sa_flags=0x10000004
SIGUSR1: SIG_DFL, sa_mask[0]=0x00000000, sa_flags=0x00000000
SIGUSR2: [libjvm.so+0x7cc370], sa_mask[0]=0x00000000, sa_flags=0x10000004
SIGHUP: SIG_DFL, sa_mask[0]=0x00000000, sa_flags=0x00000000
SIGINT: SIG_DFL, sa_mask[0]=0x00000000, sa_flags=0x00000000
SIGTERM: SIG_DFL, sa_mask[0]=0x00000000, sa_flags=0x00000000
SIGQUIT: SIG_DFL, sa_mask[0]=0x00000000, sa_flags=0x00000000
SIGTRAP: SIG_DFL, sa_mask[0]=0x00000000, sa_flags=0x00000000


---------------  S Y S T E M  ---------------

OS:Ubuntu 14.04 (trusty)
uname:Linux 4.4.0-28-generic #47~14.04.1-Ubuntu SMP Fri Jun 24 16:30:35 UTC 2016 x86_64
libc:glibc 2.19 NPTL 2.19 
rlimit: STACK 8192k, CORE 0k, NPROC 3848, NOFILE 4096, AS infinity
load average:0.06 0.04 0.01

/proc/meminfo:
MemTotal:        1016556 kB
MemFree:           62620 kB
MemAvailable:       1376 kB
Buffers:             632 kB
Cached:            53040 kB
SwapCached:            0 kB
Active:           869976 kB
Inactive:          31780 kB
Active(anon):     865800 kB
Inactive(anon):    28424 kB
Active(file):       4176 kB
Inactive(file):     3356 kB
Unevictable:           0 kB
Mlocked:               0 kB
SwapTotal:             0 kB
SwapFree:              0 kB
Dirty:                44 kB
Writeback:             0 kB
AnonPages:        848200 kB
Mapped:            51704 kB
Shmem:             46024 kB
Slab:              25568 kB
SReclaimable:      12692 kB
SUnreclaim:        12876 kB
KernelStack:        3040 kB
PageTables:        10812 kB
NFS_Unstable:          0 kB
Bounce:                0 kB
WritebackTmp:          0 kB
CommitLimit:      508276 kB
Committed_AS:    1492616 kB
VmallocTotal:   34359738367 kB
VmallocUsed:           0 kB
VmallocChunk:          0 kB
HardwareCorrupted:     0 kB
AnonHugePages:    708608 kB
CmaTotal:              0 kB
CmaFree:               0 kB
HugePages_Total:       0
HugePages_Free:        0
HugePages_Rsvd:        0
HugePages_Surp:        0
Hugepagesize:       2048 kB
DirectMap4k:       61432 kB
DirectMap2M:      987136 kB
DirectMap1G:           0 kB


CPU:total 1 (1 cores per cpu, 1 threads per core) family 6 model 62 stepping 4, cmov, cx8, fxsr, mmx, sse, sse2, sse3, ssse3, sse4.1, sse4.2, popcnt, avx, aes, erms, tsc

/proc/cpuinfo:
processor	: 0
vendor_id	: GenuineIntel
cpu family	: 6
model		: 62
model name	: Intel(R) Xeon(R) CPU E5-2630L v2 @ 2.40GHz
stepping	: 4
microcode	: 0x1
cpu MHz		: 2399.998
cache size	: 15360 KB
physical id	: 0
siblings	: 1
core id		: 0
cpu cores	: 1
apicid		: 0
initial apicid	: 0
fpu		: yes
fpu_exception	: yes
cpuid level	: 13
wp		: yes
flags		: fpu vme de pse tsc msr pae mce cx8 apic sep mtrr pge mca cmov pat pse36 clflush mmx fxsr sse sse2 ss syscall nx pdpe1gb rdtscp lm constant_tsc arch_perfmon rep_good nopl eagerfpu pni pclmulqdq vmx ssse3 cx16 pcid sse4_1 sse4_2 x2apic popcnt tsc_deadline_timer aes xsave avx f16c rdrand hypervisor lahf_lm vnmi ept fsgsbase tsc_adjust smep erms xsaveopt arat
bugs		:
bogomips	: 4799.99
clflush size	: 64
cache_alignment	: 64
address sizes	: 40 bits physical, 48 bits virtual
power management:



Memory: 4k page, physical 1016556k(62620k free), swap 0k(0k free)

vm_info: OpenJDK 64-Bit Server VM (24.95-b01) for linux-amd64 JRE (1.7.0_101-b00), built on Apr 24 2016 20:39:29 by "buildd" with gcc 4.8.2

time: Tue Aug 16 14:04:12 2016
elapsed time: 0 seconds

